{"/mnt/c/WS-Bender/repos/private/avatar-creator/src/index.ts": {"path":"/mnt/c/WS-Bender/repos/private/avatar-creator/src/index.ts","statementMap":{"0":{"start":{"line":3,"column":0},"end":{"line":3,"column":19}},"1":{"start":{"line":4,"column":0},"end":{"line":4,"column":33}},"2":{"start":{"line":5,"column":0},"end":{"line":5,"column":35}},"3":{"start":{"line":6,"column":0},"end":{"line":6,"column":35}},"4":{"start":{"line":8,"column":16},"end":{"line":8,"column":29}},"5":{"start":{"line":9,"column":0},"end":{"line":19,"column":null}},"6":{"start":{"line":20,"column":16},"end":{"line":20,"column":30}},"7":{"start":{"line":22,"column":0},"end":{"line":50,"column":null}},"8":{"start":{"line":23,"column":19},"end":{"line":23,"column":71}},"9":{"start":{"line":24,"column":17},"end":{"line":24,"column":29}},"10":{"start":{"line":25,"column":2},"end":{"line":25,"column":null}},"11":{"start":{"line":26,"column":2},"end":{"line":26,"column":null}},"12":{"start":{"line":27,"column":14},"end":{"line":27,"column":32}},"13":{"start":{"line":28,"column":2},"end":{"line":28,"column":null}},"14":{"start":{"line":29,"column":7},"end":{"line":50,"column":null}},"15":{"start":{"line":30,"column":17},"end":{"line":30,"column":29}},"16":{"start":{"line":31,"column":2},"end":{"line":43,"column":null}},"17":{"start":{"line":31,"column":15},"end":{"line":31,"column":16}},"18":{"start":{"line":32,"column":17},"end":{"line":32,"column":42}},"19":{"start":{"line":33,"column":4},"end":{"line":42,"column":null}},"20":{"start":{"line":34,"column":6},"end":{"line":34,"column":null}},"21":{"start":{"line":36,"column":6},"end":{"line":41,"column":null}},"22":{"start":{"line":38,"column":8},"end":{"line":38,"column":null}},"23":{"start":{"line":40,"column":8},"end":{"line":40,"column":null}},"24":{"start":{"line":44,"column":2},"end":{"line":44,"column":null}},"25":{"start":{"line":45,"column":2},"end":{"line":45,"column":null}},"26":{"start":{"line":46,"column":14},"end":{"line":46,"column":32}},"27":{"start":{"line":47,"column":2},"end":{"line":47,"column":null}},"28":{"start":{"line":49,"column":2},"end":{"line":49,"column":null}}},"fnMap":{},"branchMap":{"0":{"loc":{"start":{"line":22,"column":0},"end":{"line":50,"column":null}},"type":"if","locations":[{"start":{"line":22,"column":0},"end":{"line":50,"column":null}},{"start":{"line":29,"column":7},"end":{"line":50,"column":null}}]},"1":{"loc":{"start":{"line":29,"column":7},"end":{"line":50,"column":null}},"type":"if","locations":[{"start":{"line":29,"column":7},"end":{"line":50,"column":null}},{"start":{"line":48,"column":7},"end":{"line":50,"column":null}}]},"2":{"loc":{"start":{"line":33,"column":4},"end":{"line":42,"column":null}},"type":"if","locations":[{"start":{"line":33,"column":4},"end":{"line":42,"column":null}},{"start":{"line":35,"column":11},"end":{"line":42,"column":null}}]},"3":{"loc":{"start":{"line":36,"column":6},"end":{"line":41,"column":null}},"type":"if","locations":[{"start":{"line":36,"column":6},"end":{"line":41,"column":null}},{"start":{"line":39,"column":13},"end":{"line":41,"column":null}}]}},"s":{"0":0,"1":0,"2":0,"3":0,"4":0,"5":0,"6":0,"7":0,"8":0,"9":0,"10":0,"11":0,"12":0,"13":0,"14":0,"15":0,"16":0,"17":0,"18":0,"19":0,"20":0,"21":0,"22":0,"23":0,"24":0,"25":0,"26":0,"27":0,"28":0},"f":{},"b":{"0":[0,0],"1":[0,0],"2":[0,0],"3":[0,0]}}
,"/mnt/c/WS-Bender/repos/private/avatar-creator/src/matrix.ts": {"path":"/mnt/c/WS-Bender/repos/private/avatar-creator/src/matrix.ts","statementMap":{"0":{"start":{"line":1,"column":0},"end":{"line":1,"column":46}},"1":{"start":{"line":2,"column":0},"end":{"line":2,"column":30}},"2":{"start":{"line":3,"column":0},"end":{"line":3,"column":31}},"3":{"start":{"line":4,"column":0},"end":{"line":4,"column":44}},"4":{"start":{"line":7,"column":10},"end":{"line":7,"column":null}},"5":{"start":{"line":8,"column":10},"end":{"line":8,"column":null}},"6":{"start":{"line":9,"column":10},"end":{"line":9,"column":null}},"7":{"start":{"line":10,"column":10},"end":{"line":10,"column":null}},"8":{"start":{"line":11,"column":10},"end":{"line":11,"column":null}},"9":{"start":{"line":14,"column":4},"end":{"line":14,"column":null}},"10":{"start":{"line":18,"column":4},"end":{"line":18,"column":null}},"11":{"start":{"line":21,"column":4},"end":{"line":25,"column":null}},"12":{"start":{"line":22,"column":6},"end":{"line":24,"column":null}},"13":{"start":{"line":22,"column":19},"end":{"line":22,"column":20}},"14":{"start":{"line":23,"column":8},"end":{"line":23,"column":null}},"15":{"start":{"line":27,"column":4},"end":{"line":29,"column":null}},"16":{"start":{"line":27,"column":17},"end":{"line":27,"column":18}},"17":{"start":{"line":28,"column":6},"end":{"line":28,"column":null}},"18":{"start":{"line":33,"column":4},"end":{"line":33,"column":null}},"19":{"start":{"line":37,"column":4},"end":{"line":37,"column":null}},"20":{"start":{"line":41,"column":18},"end":{"line":41,"column":76}},"21":{"start":{"line":43,"column":4},"end":{"line":45,"column":null}},"22":{"start":{"line":43,"column":17},"end":{"line":43,"column":18}},"23":{"start":{"line":44,"column":6},"end":{"line":44,"column":null}},"24":{"start":{"line":47,"column":4},"end":{"line":47,"column":null}},"25":{"start":{"line":51,"column":4},"end":{"line":53,"column":null}},"26":{"start":{"line":52,"column":6},"end":{"line":52,"column":null}},"27":{"start":{"line":54,"column":4},"end":{"line":54,"column":null}},"28":{"start":{"line":55,"column":4},"end":{"line":55,"column":null}},"29":{"start":{"line":56,"column":4},"end":{"line":56,"column":null}},"30":{"start":{"line":61,"column":4},"end":{"line":61,"column":null}},"31":{"start":{"line":63,"column":4},"end":{"line":63,"column":null}},"32":{"start":{"line":65,"column":4},"end":{"line":65,"column":null}},"33":{"start":{"line":65,"column":37},"end":{"line":65,"column":45}},"34":{"start":{"line":67,"column":21},"end":{"line":67,"column":37}},"35":{"start":{"line":68,"column":22},"end":{"line":68,"column":47}},"36":{"start":{"line":70,"column":4},"end":{"line":76,"column":null}},"37":{"start":{"line":72,"column":6},"end":{"line":72,"column":null}},"38":{"start":{"line":73,"column":11},"end":{"line":76,"column":null}},"39":{"start":{"line":75,"column":6},"end":{"line":75,"column":null}},"40":{"start":{"line":78,"column":4},"end":{"line":78,"column":null}},"41":{"start":{"line":83,"column":19},"end":{"line":83,"column":24}},"42":{"start":{"line":84,"column":4},"end":{"line":93,"column":null}},"43":{"start":{"line":85,"column":6},"end":{"line":89,"column":null}},"44":{"start":{"line":86,"column":8},"end":{"line":86,"column":null}},"45":{"start":{"line":88,"column":8},"end":{"line":88,"column":null}},"46":{"start":{"line":91,"column":6},"end":{"line":91,"column":null}},"47":{"start":{"line":92,"column":6},"end":{"line":92,"column":null}},"48":{"start":{"line":97,"column":21},"end":{"line":97,"column":22}},"49":{"start":{"line":98,"column":4},"end":{"line":103,"column":null}},"50":{"start":{"line":98,"column":17},"end":{"line":98,"column":18}},"51":{"start":{"line":99,"column":24},"end":{"line":99,"column":43}},"52":{"start":{"line":100,"column":6},"end":{"line":102,"column":null}},"53":{"start":{"line":101,"column":8},"end":{"line":101,"column":null}},"54":{"start":{"line":104,"column":4},"end":{"line":104,"column":null}},"55":{"start":{"line":109,"column":4},"end":{"line":124,"column":null}},"56":{"start":{"line":109,"column":17},"end":{"line":109,"column":18}},"57":{"start":{"line":110,"column":24},"end":{"line":110,"column":43}},"58":{"start":{"line":111,"column":24},"end":{"line":111,"column":53}},"59":{"start":{"line":113,"column":22},"end":{"line":113,"column":27}},"60":{"start":{"line":114,"column":6},"end":{"line":123,"column":null}},"61":{"start":{"line":115,"column":8},"end":{"line":119,"column":null}},"62":{"start":{"line":116,"column":10},"end":{"line":116,"column":null}},"63":{"start":{"line":118,"column":10},"end":{"line":118,"column":null}},"64":{"start":{"line":121,"column":8},"end":{"line":121,"column":null}},"65":{"start":{"line":122,"column":8},"end":{"line":122,"column":null}},"66":{"start":{"line":128,"column":24},"end":{"line":128,"column":43}},"67":{"start":{"line":129,"column":21},"end":{"line":129,"column":37}},"68":{"start":{"line":131,"column":19},"end":{"line":131,"column":20}},"69":{"start":{"line":132,"column":19},"end":{"line":132,"column":29}},"70":{"start":{"line":133,"column":24},"end":{"line":133,"column":34}},"71":{"start":{"line":134,"column":23},"end":{"line":134,"column":34}},"72":{"start":{"line":136,"column":19},"end":{"line":136,"column":90}},"73":{"start":{"line":137,"column":16},"end":{"line":137,"column":39}},"74":{"start":{"line":138,"column":4},"end":{"line":138,"column":null}},"75":{"start":{"line":139,"column":4},"end":{"line":139,"column":null}},"76":{"start":{"line":141,"column":4},"end":{"line":156,"column":null}},"77":{"start":{"line":141,"column":17},"end":{"line":141,"column":18}},"78":{"start":{"line":142,"column":6},"end":{"line":155,"column":null}},"79":{"start":{"line":142,"column":19},"end":{"line":142,"column":20}},"80":{"start":{"line":143,"column":22},"end":{"line":143,"column":52}},"81":{"start":{"line":144,"column":8},"end":{"line":154,"column":null}},"82":{"start":{"line":158,"column":19},"end":{"line":158,"column":47}},"83":{"start":{"line":159,"column":4},"end":{"line":159,"column":null}},"84":{"start":{"line":173,"column":20},"end":{"line":173,"column":21}},"85":{"start":{"line":174,"column":20},"end":{"line":174,"column":21}},"86":{"start":{"line":176,"column":4},"end":{"line":176,"column":null}},"87":{"start":{"line":177,"column":4},"end":{"line":177,"column":null}},"88":{"start":{"line":178,"column":4},"end":{"line":178,"column":null}},"89":{"start":{"line":179,"column":4},"end":{"line":179,"column":null}},"90":{"start":{"line":181,"column":20},"end":{"line":181,"column":55}},"91":{"start":{"line":182,"column":21},"end":{"line":182,"column":64}},"92":{"start":{"line":183,"column":23},"end":{"line":183,"column":67}},"93":{"start":{"line":184,"column":24},"end":{"line":184,"column":76}},"94":{"start":{"line":186,"column":4},"end":{"line":186,"column":null}},"95":{"start":{"line":187,"column":4},"end":{"line":187,"column":null}},"96":{"start":{"line":189,"column":4},"end":{"line":189,"column":null}},"97":{"start":{"line":191,"column":4},"end":{"line":191,"column":null}},"98":{"start":{"line":193,"column":4},"end":{"line":193,"column":null}},"99":{"start":{"line":195,"column":4},"end":{"line":195,"column":null}},"100":{"start":{"line":197,"column":4},"end":{"line":201,"column":null}},"101":{"start":{"line":198,"column":6},"end":{"line":198,"column":null}},"102":{"start":{"line":199,"column":6},"end":{"line":199,"column":null}},"103":{"start":{"line":200,"column":6},"end":{"line":200,"column":null}},"104":{"start":{"line":203,"column":4},"end":{"line":206,"column":null}},"105":{"start":{"line":204,"column":6},"end":{"line":204,"column":null}},"106":{"start":{"line":205,"column":6},"end":{"line":205,"column":null}},"107":{"start":{"line":210,"column":4},"end":{"line":225,"column":null}},"108":{"start":{"line":212,"column":8},"end":{"line":212,"column":null}},"109":{"start":{"line":214,"column":8},"end":{"line":214,"column":null}},"110":{"start":{"line":216,"column":8},"end":{"line":216,"column":null}},"111":{"start":{"line":218,"column":8},"end":{"line":218,"column":null}},"112":{"start":{"line":220,"column":8},"end":{"line":220,"column":null}},"113":{"start":{"line":224,"column":8},"end":{"line":224,"column":null}},"114":{"start":{"line":6,"column":0},"end":{"line":6,"column":13}}},"fnMap":{"0":{"name":"(anonymous_1)","decl":{"start":{"line":13,"column":2},"end":{"line":13,"column":null}},"loc":{"start":{"line":13,"column":2},"end":{"line":15,"column":3}}},"1":{"name":"(anonymous_2)","decl":{"start":{"line":17,"column":9},"end":{"line":17,"column":16}},"loc":{"start":{"line":17,"column":16},"end":{"line":30,"column":3}}},"2":{"name":"(anonymous_3)","decl":{"start":{"line":32,"column":2},"end":{"line":32,"column":13}},"loc":{"start":{"line":32,"column":21},"end":{"line":34,"column":3}}},"3":{"name":"(anonymous_4)","decl":{"start":{"line":36,"column":9},"end":{"line":36,"column":20}},"loc":{"start":{"line":36,"column":37},"end":{"line":38,"column":3}}},"4":{"name":"(anonymous_5)","decl":{"start":{"line":40,"column":9},"end":{"line":40,"column":16}},"loc":{"start":{"line":40,"column":31},"end":{"line":48,"column":3}}},"5":{"name":"(anonymous_6)","decl":{"start":{"line":50,"column":9},"end":{"line":50,"column":14}},"loc":{"start":{"line":50,"column":14},"end":{"line":57,"column":3}}},"6":{"name":"(anonymous_7)","decl":{"start":{"line":59,"column":9},"end":{"line":59,"column":21}},"loc":{"start":{"line":59,"column":21},"end":{"line":79,"column":3}}},"7":{"name":"(anonymous_8)","decl":{"start":{"line":65,"column":30},"end":{"line":65,"column":31}},"loc":{"start":{"line":65,"column":37},"end":{"line":65,"column":45}}},"8":{"name":"(anonymous_9)","decl":{"start":{"line":81,"column":10},"end":{"line":81,"column":26}},"loc":{"start":{"line":81,"column":40},"end":{"line":94,"column":3}}},"9":{"name":"(anonymous_10)","decl":{"start":{"line":96,"column":10},"end":{"line":96,"column":28}},"loc":{"start":{"line":96,"column":28},"end":{"line":105,"column":3}}},"10":{"name":"(anonymous_11)","decl":{"start":{"line":107,"column":10},"end":{"line":107,"column":15}},"loc":{"start":{"line":107,"column":41},"end":{"line":125,"column":3}}},"11":{"name":"(anonymous_12)","decl":{"start":{"line":127,"column":9},"end":{"line":127,"column":18}},"loc":{"start":{"line":127,"column":18},"end":{"line":160,"column":3}}},"12":{"name":"(anonymous_13)","decl":{"start":{"line":162,"column":10},"end":{"line":162,"column":25}},"loc":{"start":{"line":171,"column":21},"end":{"line":207,"column":3}}},"13":{"name":"(anonymous_14)","decl":{"start":{"line":209,"column":10},"end":{"line":209,"column":18}},"loc":{"start":{"line":209,"column":31},"end":{"line":226,"column":3}}}},"branchMap":{"0":{"loc":{"start":{"line":21,"column":4},"end":{"line":25,"column":null}},"type":"if","locations":[{"start":{"line":21,"column":4},"end":{"line":25,"column":null}}]},"1":{"loc":{"start":{"line":41,"column":18},"end":{"line":41,"column":76}},"type":"cond-expr","locations":[{"start":{"line":41,"column":40},"end":{"line":41,"column":42}},{"start":{"line":41,"column":45},"end":{"line":41,"column":76}}]},"2":{"loc":{"start":{"line":70,"column":4},"end":{"line":76,"column":null}},"type":"if","locations":[{"start":{"line":70,"column":4},"end":{"line":76,"column":null}},{"start":{"line":73,"column":11},"end":{"line":76,"column":null}}]},"3":{"loc":{"start":{"line":73,"column":11},"end":{"line":76,"column":null}},"type":"if","locations":[{"start":{"line":73,"column":11},"end":{"line":76,"column":null}}]},"4":{"loc":{"start":{"line":85,"column":6},"end":{"line":89,"column":null}},"type":"if","locations":[{"start":{"line":85,"column":6},"end":{"line":89,"column":null}},{"start":{"line":87,"column":13},"end":{"line":89,"column":null}}]},"5":{"loc":{"start":{"line":100,"column":6},"end":{"line":102,"column":null}},"type":"if","locations":[{"start":{"line":100,"column":6},"end":{"line":102,"column":null}}]},"6":{"loc":{"start":{"line":115,"column":8},"end":{"line":119,"column":null}},"type":"if","locations":[{"start":{"line":115,"column":8},"end":{"line":119,"column":null}},{"start":{"line":117,"column":15},"end":{"line":119,"column":null}}]},"7":{"loc":{"start":{"line":197,"column":4},"end":{"line":201,"column":null}},"type":"if","locations":[{"start":{"line":197,"column":4},"end":{"line":201,"column":null}}]},"8":{"loc":{"start":{"line":203,"column":4},"end":{"line":206,"column":null}},"type":"if","locations":[{"start":{"line":203,"column":4},"end":{"line":206,"column":null}}]},"9":{"loc":{"start":{"line":210,"column":4},"end":{"line":225,"column":null}},"type":"switch","locations":[{"start":{"line":211,"column":6},"end":{"line":212,"column":null}},{"start":{"line":213,"column":6},"end":{"line":214,"column":null}},{"start":{"line":215,"column":6},"end":{"line":216,"column":null}},{"start":{"line":217,"column":6},"end":{"line":218,"column":null}},{"start":{"line":219,"column":6},"end":{"line":220,"column":null}},{"start":{"line":221,"column":6},"end":{"line":221,"column":15}},{"start":{"line":222,"column":6},"end":{"line":222,"column":15}},{"start":{"line":223,"column":6},"end":{"line":224,"column":null}}]}},"s":{"0":0,"1":0,"2":0,"3":0,"4":0,"5":0,"6":0,"7":0,"8":0,"9":0,"10":0,"11":0,"12":0,"13":0,"14":0,"15":0,"16":0,"17":0,"18":0,"19":0,"20":0,"21":0,"22":0,"23":0,"24":0,"25":0,"26":0,"27":0,"28":0,"29":0,"30":0,"31":0,"32":0,"33":0,"34":0,"35":0,"36":0,"37":0,"38":0,"39":0,"40":0,"41":0,"42":0,"43":0,"44":0,"45":0,"46":0,"47":0,"48":0,"49":0,"50":0,"51":0,"52":0,"53":0,"54":0,"55":0,"56":0,"57":0,"58":0,"59":0,"60":0,"61":0,"62":0,"63":0,"64":0,"65":0,"66":0,"67":0,"68":0,"69":0,"70":0,"71":0,"72":0,"73":0,"74":0,"75":0,"76":0,"77":0,"78":0,"79":0,"80":0,"81":0,"82":0,"83":0,"84":0,"85":0,"86":0,"87":0,"88":0,"89":0,"90":0,"91":0,"92":0,"93":0,"94":0,"95":0,"96":0,"97":0,"98":0,"99":0,"100":0,"101":0,"102":0,"103":0,"104":0,"105":0,"106":0,"107":0,"108":0,"109":0,"110":0,"111":0,"112":0,"113":0,"114":0},"f":{"0":0,"1":0,"2":0,"3":0,"4":0,"5":0,"6":0,"7":0,"8":0,"9":0,"10":0,"11":0,"12":0,"13":0},"b":{"0":[0],"1":[0,0],"2":[0,0],"3":[0],"4":[0,0],"5":[0],"6":[0,0],"7":[0],"8":[0],"9":[0,0,0,0,0,0,0,0]}}
,"/mnt/c/WS-Bender/repos/private/avatar-creator/src/point.ts": {"path":"/mnt/c/WS-Bender/repos/private/avatar-creator/src/point.ts","statementMap":{"0":{"start":{"line":2,"column":30},"end":{"line":2,"column":39}},"1":{"start":{"line":2,"column":57},"end":{"line":2,"column":66}},"2":{"start":{"line":1,"column":0},"end":{"line":1,"column":13}}},"fnMap":{"0":{"name":"(anonymous_0)","decl":{"start":{"line":2,"column":2},"end":{"line":2,"column":30}},"loc":{"start":{"line":2,"column":66},"end":{"line":2,"column":70}}}},"branchMap":{},"s":{"0":0,"1":0,"2":0},"f":{"0":0},"b":{}}
,"/mnt/c/WS-Bender/repos/private/avatar-creator/src/square-color.ts": {"path":"/mnt/c/WS-Bender/repos/private/avatar-creator/src/square-color.ts","statementMap":{"0":{"start":{"line":1,"column":0},"end":{"line":1,"column":35}},"1":{"start":{"line":6,"column":30},"end":{"line":6,"column":47}},"2":{"start":{"line":7,"column":26},"end":{"line":7,"column":56}},"3":{"start":{"line":8,"column":4},"end":{"line":8,"column":null}},"4":{"start":{"line":9,"column":4},"end":{"line":9,"column":null}},"5":{"start":{"line":3,"column":0},"end":{"line":3,"column":13}}},"fnMap":{"0":{"name":"(anonymous_1)","decl":{"start":{"line":6,"column":2},"end":{"line":6,"column":30}},"loc":{"start":{"line":6,"column":60},"end":{"line":10,"column":3}}}},"branchMap":{"0":{"loc":{"start":{"line":6,"column":49},"end":{"line":6,"column":60}},"type":"default-arg","locations":[{"start":{"line":6,"column":58},"end":{"line":6,"column":60}}]}},"s":{"0":0,"1":0,"2":0,"3":0,"4":0,"5":0},"f":{"0":0},"b":{"0":[0]}}
,"/mnt/c/WS-Bender/repos/private/avatar-creator/src/utils.ts": {"path":"/mnt/c/WS-Bender/repos/private/avatar-creator/src/utils.ts","statementMap":{"0":{"start":{"line":1,"column":0},"end":{"line":1,"column":35}},"1":{"start":{"line":2,"column":0},"end":{"line":2,"column":33}},"2":{"start":{"line":5,"column":2},"end":{"line":5,"column":null}},"3":{"start":{"line":4,"column":0},"end":{"line":4,"column":16}},"4":{"start":{"line":9,"column":17},"end":{"line":9,"column":29}},"5":{"start":{"line":10,"column":2},"end":{"line":10,"column":null}},"6":{"start":{"line":11,"column":2},"end":{"line":11,"column":null}},"7":{"start":{"line":12,"column":2},"end":{"line":12,"column":null}},"8":{"start":{"line":13,"column":2},"end":{"line":13,"column":null}},"9":{"start":{"line":14,"column":2},"end":{"line":14,"column":null}},"10":{"start":{"line":15,"column":2},"end":{"line":15,"column":null}},"11":{"start":{"line":16,"column":2},"end":{"line":16,"column":null}},"12":{"start":{"line":17,"column":2},"end":{"line":17,"column":null}},"13":{"start":{"line":18,"column":2},"end":{"line":18,"column":null}},"14":{"start":{"line":19,"column":2},"end":{"line":19,"column":null}},"15":{"start":{"line":20,"column":2},"end":{"line":20,"column":null}},"16":{"start":{"line":21,"column":2},"end":{"line":21,"column":null}},"17":{"start":{"line":22,"column":2},"end":{"line":22,"column":null}},"18":{"start":{"line":23,"column":2},"end":{"line":23,"column":null}},"19":{"start":{"line":24,"column":2},"end":{"line":24,"column":null}},"20":{"start":{"line":25,"column":2},"end":{"line":25,"column":null}},"21":{"start":{"line":26,"column":2},"end":{"line":26,"column":null}},"22":{"start":{"line":27,"column":2},"end":{"line":27,"column":null}},"23":{"start":{"line":28,"column":2},"end":{"line":28,"column":null}},"24":{"start":{"line":29,"column":2},"end":{"line":29,"column":null}},"25":{"start":{"line":30,"column":2},"end":{"line":30,"column":null}},"26":{"start":{"line":31,"column":2},"end":{"line":31,"column":null}},"27":{"start":{"line":32,"column":2},"end":{"line":32,"column":null}},"28":{"start":{"line":33,"column":2},"end":{"line":33,"column":null}},"29":{"start":{"line":34,"column":2},"end":{"line":34,"column":null}},"30":{"start":{"line":35,"column":2},"end":{"line":35,"column":null}},"31":{"start":{"line":36,"column":2},"end":{"line":36,"column":null}},"32":{"start":{"line":37,"column":2},"end":{"line":37,"column":null}},"33":{"start":{"line":38,"column":2},"end":{"line":38,"column":null}},"34":{"start":{"line":39,"column":2},"end":{"line":39,"column":null}},"35":{"start":{"line":40,"column":2},"end":{"line":40,"column":null}},"36":{"start":{"line":41,"column":2},"end":{"line":41,"column":null}},"37":{"start":{"line":42,"column":2},"end":{"line":42,"column":null}},"38":{"start":{"line":8,"column":0},"end":{"line":8,"column":16}}},"fnMap":{"0":{"name":"formatChar","decl":{"start":{"line":4,"column":16},"end":{"line":4,"column":26}},"loc":{"start":{"line":4,"column":45},"end":{"line":6,"column":1}}},"1":{"name":"upperAlphabet","decl":{"start":{"line":8,"column":16},"end":{"line":8,"column":29}},"loc":{"start":{"line":8,"column":29},"end":{"line":43,"column":1}}}},"branchMap":{},"s":{"0":0,"1":0,"2":0,"3":0,"4":0,"5":0,"6":0,"7":0,"8":0,"9":0,"10":0,"11":0,"12":0,"13":0,"14":0,"15":0,"16":0,"17":0,"18":0,"19":0,"20":0,"21":0,"22":0,"23":0,"24":0,"25":0,"26":0,"27":0,"28":0,"29":0,"30":0,"31":0,"32":0,"33":0,"34":0,"35":0,"36":0,"37":0,"38":0},"f":{"0":0,"1":0},"b":{}}
,"/mnt/c/WS-Bender/repos/private/avatar-creator/src/chars/char.ts": {"path":"/mnt/c/WS-Bender/repos/private/avatar-creator/src/chars/char.ts","statementMap":{"0":{"start":{"line":1,"column":0},"end":{"line":1,"column":29}},"1":{"start":{"line":2,"column":0},"end":{"line":2,"column":47}},"2":{"start":{"line":3,"column":0},"end":{"line":3,"column":47}},"3":{"start":{"line":4,"column":0},"end":{"line":4,"column":47}},"4":{"start":{"line":5,"column":0},"end":{"line":5,"column":47}},"5":{"start":{"line":6,"column":0},"end":{"line":6,"column":47}},"6":{"start":{"line":7,"column":0},"end":{"line":7,"column":47}},"7":{"start":{"line":8,"column":0},"end":{"line":8,"column":47}},"8":{"start":{"line":9,"column":0},"end":{"line":9,"column":47}},"9":{"start":{"line":10,"column":0},"end":{"line":10,"column":47}},"10":{"start":{"line":11,"column":0},"end":{"line":11,"column":47}},"11":{"start":{"line":12,"column":0},"end":{"line":12,"column":47}},"12":{"start":{"line":13,"column":0},"end":{"line":13,"column":47}},"13":{"start":{"line":14,"column":0},"end":{"line":14,"column":47}},"14":{"start":{"line":15,"column":0},"end":{"line":15,"column":47}},"15":{"start":{"line":16,"column":0},"end":{"line":16,"column":47}},"16":{"start":{"line":17,"column":0},"end":{"line":17,"column":47}},"17":{"start":{"line":18,"column":0},"end":{"line":18,"column":47}},"18":{"start":{"line":19,"column":0},"end":{"line":19,"column":47}},"19":{"start":{"line":20,"column":0},"end":{"line":20,"column":47}},"20":{"start":{"line":21,"column":0},"end":{"line":21,"column":47}},"21":{"start":{"line":22,"column":0},"end":{"line":22,"column":47}},"22":{"start":{"line":23,"column":0},"end":{"line":23,"column":47}},"23":{"start":{"line":24,"column":0},"end":{"line":24,"column":47}},"24":{"start":{"line":25,"column":0},"end":{"line":25,"column":47}},"25":{"start":{"line":26,"column":0},"end":{"line":26,"column":47}},"26":{"start":{"line":27,"column":0},"end":{"line":27,"column":47}},"27":{"start":{"line":28,"column":0},"end":{"line":28,"column":38}},"28":{"start":{"line":29,"column":0},"end":{"line":29,"column":36}},"29":{"start":{"line":30,"column":0},"end":{"line":30,"column":36}},"30":{"start":{"line":31,"column":0},"end":{"line":31,"column":36}},"31":{"start":{"line":32,"column":0},"end":{"line":32,"column":34}},"32":{"start":{"line":33,"column":0},"end":{"line":33,"column":38}},"33":{"start":{"line":34,"column":0},"end":{"line":34,"column":34}},"34":{"start":{"line":35,"column":0},"end":{"line":35,"column":38}},"35":{"start":{"line":36,"column":0},"end":{"line":36,"column":34}},"36":{"start":{"line":37,"column":0},"end":{"line":37,"column":36}},"37":{"start":{"line":38,"column":0},"end":{"line":38,"column":33}},"38":{"start":{"line":39,"column":0},"end":{"line":39,"column":47}},"39":{"start":{"line":40,"column":0},"end":{"line":40,"column":47}},"40":{"start":{"line":41,"column":0},"end":{"line":41,"column":47}},"41":{"start":{"line":42,"column":0},"end":{"line":42,"column":47}},"42":{"start":{"line":43,"column":0},"end":{"line":43,"column":47}},"43":{"start":{"line":44,"column":0},"end":{"line":44,"column":47}},"44":{"start":{"line":45,"column":0},"end":{"line":45,"column":47}},"45":{"start":{"line":46,"column":0},"end":{"line":46,"column":47}},"46":{"start":{"line":47,"column":0},"end":{"line":47,"column":47}},"47":{"start":{"line":48,"column":0},"end":{"line":48,"column":47}},"48":{"start":{"line":49,"column":0},"end":{"line":49,"column":47}},"49":{"start":{"line":50,"column":0},"end":{"line":50,"column":47}},"50":{"start":{"line":51,"column":0},"end":{"line":51,"column":47}},"51":{"start":{"line":52,"column":0},"end":{"line":52,"column":47}},"52":{"start":{"line":53,"column":0},"end":{"line":53,"column":47}},"53":{"start":{"line":54,"column":0},"end":{"line":54,"column":47}},"54":{"start":{"line":55,"column":0},"end":{"line":55,"column":47}},"55":{"start":{"line":56,"column":0},"end":{"line":56,"column":47}},"56":{"start":{"line":57,"column":0},"end":{"line":57,"column":47}},"57":{"start":{"line":58,"column":0},"end":{"line":58,"column":47}},"58":{"start":{"line":59,"column":0},"end":{"line":59,"column":47}},"59":{"start":{"line":60,"column":0},"end":{"line":60,"column":47}},"60":{"start":{"line":61,"column":0},"end":{"line":61,"column":47}},"61":{"start":{"line":62,"column":0},"end":{"line":62,"column":47}},"62":{"start":{"line":63,"column":0},"end":{"line":63,"column":47}},"63":{"start":{"line":64,"column":0},"end":{"line":64,"column":47}},"64":{"start":{"line":66,"column":13},"end":{"line":134,"column":null}}},"fnMap":{},"branchMap":{},"s":{"0":0,"1":0,"2":0,"3":0,"4":0,"5":0,"6":0,"7":0,"8":0,"9":0,"10":0,"11":0,"12":0,"13":0,"14":0,"15":0,"16":0,"17":0,"18":0,"19":0,"20":0,"21":0,"22":0,"23":0,"24":0,"25":0,"26":0,"27":0,"28":0,"29":0,"30":0,"31":0,"32":0,"33":0,"34":0,"35":0,"36":0,"37":0,"38":0,"39":0,"40":0,"41":0,"42":0,"43":0,"44":0,"45":0,"46":0,"47":0,"48":0,"49":0,"50":0,"51":0,"52":0,"53":0,"54":0,"55":0,"56":0,"57":0,"58":0,"59":0,"60":0,"61":0,"62":0,"63":0,"64":0},"f":{},"b":{}}
,"/mnt/c/WS-Bender/repos/private/avatar-creator/src/chars/fail.ts": {"path":"/mnt/c/WS-Bender/repos/private/avatar-creator/src/chars/fail.ts","statementMap":{"0":{"start":{"line":1,"column":0},"end":{"line":1,"column":37}},"1":{"start":{"line":3,"column":13},"end":{"line":11,"column":null}}},"fnMap":{},"branchMap":{},"s":{"0":0,"1":0},"f":{},"b":{}}
,"/mnt/c/WS-Bender/repos/private/avatar-creator/src/chars/smilie.ts": {"path":"/mnt/c/WS-Bender/repos/private/avatar-creator/src/chars/smilie.ts","statementMap":{"0":{"start":{"line":1,"column":0},"end":{"line":1,"column":37}},"1":{"start":{"line":3,"column":13},"end":{"line":14,"column":null}}},"fnMap":{},"branchMap":{},"s":{"0":0,"1":0},"f":{},"b":{}}
,"/mnt/c/WS-Bender/repos/private/avatar-creator/src/chars/lower-letter/lower-a.ts": {"path":"/mnt/c/WS-Bender/repos/private/avatar-creator/src/chars/lower-letter/lower-a.ts","statementMap":{"0":{"start":{"line":1,"column":0},"end":{"line":1,"column":40}},"1":{"start":{"line":3,"column":13},"end":{"line":11,"column":null}}},"fnMap":{},"branchMap":{},"s":{"0":0,"1":0},"f":{},"b":{}}
,"/mnt/c/WS-Bender/repos/private/avatar-creator/src/chars/lower-letter/lower-b.ts": {"path":"/mnt/c/WS-Bender/repos/private/avatar-creator/src/chars/lower-letter/lower-b.ts","statementMap":{"0":{"start":{"line":1,"column":0},"end":{"line":1,"column":40}},"1":{"start":{"line":3,"column":13},"end":{"line":11,"column":null}}},"fnMap":{},"branchMap":{},"s":{"0":0,"1":0},"f":{},"b":{}}
,"/mnt/c/WS-Bender/repos/private/avatar-creator/src/chars/lower-letter/lower-c.ts": {"path":"/mnt/c/WS-Bender/repos/private/avatar-creator/src/chars/lower-letter/lower-c.ts","statementMap":{"0":{"start":{"line":1,"column":0},"end":{"line":1,"column":40}},"1":{"start":{"line":3,"column":13},"end":{"line":11,"column":null}}},"fnMap":{},"branchMap":{},"s":{"0":0,"1":0},"f":{},"b":{}}
,"/mnt/c/WS-Bender/repos/private/avatar-creator/src/chars/lower-letter/lower-d.ts": {"path":"/mnt/c/WS-Bender/repos/private/avatar-creator/src/chars/lower-letter/lower-d.ts","statementMap":{"0":{"start":{"line":1,"column":0},"end":{"line":1,"column":40}},"1":{"start":{"line":3,"column":13},"end":{"line":11,"column":null}}},"fnMap":{},"branchMap":{},"s":{"0":0,"1":0},"f":{},"b":{}}
,"/mnt/c/WS-Bender/repos/private/avatar-creator/src/chars/lower-letter/lower-e.ts": {"path":"/mnt/c/WS-Bender/repos/private/avatar-creator/src/chars/lower-letter/lower-e.ts","statementMap":{"0":{"start":{"line":1,"column":0},"end":{"line":1,"column":40}},"1":{"start":{"line":3,"column":13},"end":{"line":11,"column":null}}},"fnMap":{},"branchMap":{},"s":{"0":0,"1":0},"f":{},"b":{}}
,"/mnt/c/WS-Bender/repos/private/avatar-creator/src/chars/lower-letter/lower-f.ts": {"path":"/mnt/c/WS-Bender/repos/private/avatar-creator/src/chars/lower-letter/lower-f.ts","statementMap":{"0":{"start":{"line":1,"column":0},"end":{"line":1,"column":40}},"1":{"start":{"line":3,"column":13},"end":{"line":11,"column":null}}},"fnMap":{},"branchMap":{},"s":{"0":0,"1":0},"f":{},"b":{}}
,"/mnt/c/WS-Bender/repos/private/avatar-creator/src/chars/lower-letter/lower-g.ts": {"path":"/mnt/c/WS-Bender/repos/private/avatar-creator/src/chars/lower-letter/lower-g.ts","statementMap":{"0":{"start":{"line":1,"column":0},"end":{"line":1,"column":40}},"1":{"start":{"line":3,"column":13},"end":{"line":11,"column":null}}},"fnMap":{},"branchMap":{},"s":{"0":0,"1":0},"f":{},"b":{}}
,"/mnt/c/WS-Bender/repos/private/avatar-creator/src/chars/lower-letter/lower-h.ts": {"path":"/mnt/c/WS-Bender/repos/private/avatar-creator/src/chars/lower-letter/lower-h.ts","statementMap":{"0":{"start":{"line":1,"column":0},"end":{"line":1,"column":40}},"1":{"start":{"line":3,"column":13},"end":{"line":11,"column":null}}},"fnMap":{},"branchMap":{},"s":{"0":0,"1":0},"f":{},"b":{}}
,"/mnt/c/WS-Bender/repos/private/avatar-creator/src/chars/lower-letter/lower-i.ts": {"path":"/mnt/c/WS-Bender/repos/private/avatar-creator/src/chars/lower-letter/lower-i.ts","statementMap":{"0":{"start":{"line":1,"column":0},"end":{"line":1,"column":40}},"1":{"start":{"line":3,"column":13},"end":{"line":11,"column":null}}},"fnMap":{},"branchMap":{},"s":{"0":0,"1":0},"f":{},"b":{}}
,"/mnt/c/WS-Bender/repos/private/avatar-creator/src/chars/lower-letter/lower-j.ts": {"path":"/mnt/c/WS-Bender/repos/private/avatar-creator/src/chars/lower-letter/lower-j.ts","statementMap":{"0":{"start":{"line":1,"column":0},"end":{"line":1,"column":40}},"1":{"start":{"line":3,"column":13},"end":{"line":11,"column":null}}},"fnMap":{},"branchMap":{},"s":{"0":0,"1":0},"f":{},"b":{}}
,"/mnt/c/WS-Bender/repos/private/avatar-creator/src/chars/lower-letter/lower-k.ts": {"path":"/mnt/c/WS-Bender/repos/private/avatar-creator/src/chars/lower-letter/lower-k.ts","statementMap":{"0":{"start":{"line":1,"column":0},"end":{"line":1,"column":40}},"1":{"start":{"line":3,"column":13},"end":{"line":11,"column":null}}},"fnMap":{},"branchMap":{},"s":{"0":0,"1":0},"f":{},"b":{}}
,"/mnt/c/WS-Bender/repos/private/avatar-creator/src/chars/lower-letter/lower-l.ts": {"path":"/mnt/c/WS-Bender/repos/private/avatar-creator/src/chars/lower-letter/lower-l.ts","statementMap":{"0":{"start":{"line":1,"column":0},"end":{"line":1,"column":40}},"1":{"start":{"line":3,"column":13},"end":{"line":11,"column":null}}},"fnMap":{},"branchMap":{},"s":{"0":0,"1":0},"f":{},"b":{}}
,"/mnt/c/WS-Bender/repos/private/avatar-creator/src/chars/lower-letter/lower-m.ts": {"path":"/mnt/c/WS-Bender/repos/private/avatar-creator/src/chars/lower-letter/lower-m.ts","statementMap":{"0":{"start":{"line":1,"column":0},"end":{"line":1,"column":40}},"1":{"start":{"line":3,"column":13},"end":{"line":11,"column":null}}},"fnMap":{},"branchMap":{},"s":{"0":0,"1":0},"f":{},"b":{}}
,"/mnt/c/WS-Bender/repos/private/avatar-creator/src/chars/lower-letter/lower-n.ts": {"path":"/mnt/c/WS-Bender/repos/private/avatar-creator/src/chars/lower-letter/lower-n.ts","statementMap":{"0":{"start":{"line":1,"column":0},"end":{"line":1,"column":40}},"1":{"start":{"line":3,"column":13},"end":{"line":11,"column":null}}},"fnMap":{},"branchMap":{},"s":{"0":0,"1":0},"f":{},"b":{}}
,"/mnt/c/WS-Bender/repos/private/avatar-creator/src/chars/lower-letter/lower-o.ts": {"path":"/mnt/c/WS-Bender/repos/private/avatar-creator/src/chars/lower-letter/lower-o.ts","statementMap":{"0":{"start":{"line":1,"column":0},"end":{"line":1,"column":40}},"1":{"start":{"line":3,"column":13},"end":{"line":11,"column":null}}},"fnMap":{},"branchMap":{},"s":{"0":0,"1":0},"f":{},"b":{}}
,"/mnt/c/WS-Bender/repos/private/avatar-creator/src/chars/lower-letter/lower-p.ts": {"path":"/mnt/c/WS-Bender/repos/private/avatar-creator/src/chars/lower-letter/lower-p.ts","statementMap":{"0":{"start":{"line":1,"column":0},"end":{"line":1,"column":40}},"1":{"start":{"line":3,"column":13},"end":{"line":11,"column":null}}},"fnMap":{},"branchMap":{},"s":{"0":0,"1":0},"f":{},"b":{}}
,"/mnt/c/WS-Bender/repos/private/avatar-creator/src/chars/lower-letter/lower-q.ts": {"path":"/mnt/c/WS-Bender/repos/private/avatar-creator/src/chars/lower-letter/lower-q.ts","statementMap":{"0":{"start":{"line":1,"column":0},"end":{"line":1,"column":40}},"1":{"start":{"line":3,"column":13},"end":{"line":11,"column":null}}},"fnMap":{},"branchMap":{},"s":{"0":0,"1":0},"f":{},"b":{}}
,"/mnt/c/WS-Bender/repos/private/avatar-creator/src/chars/lower-letter/lower-r.ts": {"path":"/mnt/c/WS-Bender/repos/private/avatar-creator/src/chars/lower-letter/lower-r.ts","statementMap":{"0":{"start":{"line":1,"column":0},"end":{"line":1,"column":40}},"1":{"start":{"line":3,"column":13},"end":{"line":11,"column":null}}},"fnMap":{},"branchMap":{},"s":{"0":0,"1":0},"f":{},"b":{}}
,"/mnt/c/WS-Bender/repos/private/avatar-creator/src/chars/lower-letter/lower-s.ts": {"path":"/mnt/c/WS-Bender/repos/private/avatar-creator/src/chars/lower-letter/lower-s.ts","statementMap":{"0":{"start":{"line":1,"column":0},"end":{"line":1,"column":40}},"1":{"start":{"line":3,"column":13},"end":{"line":11,"column":null}}},"fnMap":{},"branchMap":{},"s":{"0":0,"1":0},"f":{},"b":{}}
,"/mnt/c/WS-Bender/repos/private/avatar-creator/src/chars/lower-letter/lower-t.ts": {"path":"/mnt/c/WS-Bender/repos/private/avatar-creator/src/chars/lower-letter/lower-t.ts","statementMap":{"0":{"start":{"line":1,"column":0},"end":{"line":1,"column":40}},"1":{"start":{"line":3,"column":13},"end":{"line":11,"column":null}}},"fnMap":{},"branchMap":{},"s":{"0":0,"1":0},"f":{},"b":{}}
,"/mnt/c/WS-Bender/repos/private/avatar-creator/src/chars/lower-letter/lower-u.ts": {"path":"/mnt/c/WS-Bender/repos/private/avatar-creator/src/chars/lower-letter/lower-u.ts","statementMap":{"0":{"start":{"line":1,"column":0},"end":{"line":1,"column":40}},"1":{"start":{"line":3,"column":13},"end":{"line":11,"column":null}}},"fnMap":{},"branchMap":{},"s":{"0":0,"1":0},"f":{},"b":{}}
,"/mnt/c/WS-Bender/repos/private/avatar-creator/src/chars/lower-letter/lower-v.ts": {"path":"/mnt/c/WS-Bender/repos/private/avatar-creator/src/chars/lower-letter/lower-v.ts","statementMap":{"0":{"start":{"line":1,"column":0},"end":{"line":1,"column":40}},"1":{"start":{"line":3,"column":13},"end":{"line":11,"column":null}}},"fnMap":{},"branchMap":{},"s":{"0":0,"1":0},"f":{},"b":{}}
,"/mnt/c/WS-Bender/repos/private/avatar-creator/src/chars/lower-letter/lower-w.ts": {"path":"/mnt/c/WS-Bender/repos/private/avatar-creator/src/chars/lower-letter/lower-w.ts","statementMap":{"0":{"start":{"line":1,"column":0},"end":{"line":1,"column":40}},"1":{"start":{"line":3,"column":13},"end":{"line":11,"column":null}}},"fnMap":{},"branchMap":{},"s":{"0":0,"1":0},"f":{},"b":{}}
,"/mnt/c/WS-Bender/repos/private/avatar-creator/src/chars/lower-letter/lower-x.ts": {"path":"/mnt/c/WS-Bender/repos/private/avatar-creator/src/chars/lower-letter/lower-x.ts","statementMap":{"0":{"start":{"line":1,"column":0},"end":{"line":1,"column":40}},"1":{"start":{"line":3,"column":13},"end":{"line":11,"column":null}}},"fnMap":{},"branchMap":{},"s":{"0":0,"1":0},"f":{},"b":{}}
,"/mnt/c/WS-Bender/repos/private/avatar-creator/src/chars/lower-letter/lower-y.ts": {"path":"/mnt/c/WS-Bender/repos/private/avatar-creator/src/chars/lower-letter/lower-y.ts","statementMap":{"0":{"start":{"line":1,"column":0},"end":{"line":1,"column":40}},"1":{"start":{"line":3,"column":13},"end":{"line":11,"column":null}}},"fnMap":{},"branchMap":{},"s":{"0":0,"1":0},"f":{},"b":{}}
,"/mnt/c/WS-Bender/repos/private/avatar-creator/src/chars/lower-letter/lower-z.ts": {"path":"/mnt/c/WS-Bender/repos/private/avatar-creator/src/chars/lower-letter/lower-z.ts","statementMap":{"0":{"start":{"line":1,"column":0},"end":{"line":1,"column":40}},"1":{"start":{"line":3,"column":13},"end":{"line":11,"column":null}}},"fnMap":{},"branchMap":{},"s":{"0":0,"1":0},"f":{},"b":{}}
,"/mnt/c/WS-Bender/repos/private/avatar-creator/src/chars/number/eight.ts": {"path":"/mnt/c/WS-Bender/repos/private/avatar-creator/src/chars/number/eight.ts","statementMap":{"0":{"start":{"line":1,"column":0},"end":{"line":1,"column":40}},"1":{"start":{"line":3,"column":13},"end":{"line":11,"column":null}}},"fnMap":{},"branchMap":{},"s":{"0":0,"1":0},"f":{},"b":{}}
,"/mnt/c/WS-Bender/repos/private/avatar-creator/src/chars/number/five.ts": {"path":"/mnt/c/WS-Bender/repos/private/avatar-creator/src/chars/number/five.ts","statementMap":{"0":{"start":{"line":1,"column":0},"end":{"line":1,"column":40}},"1":{"start":{"line":3,"column":13},"end":{"line":11,"column":null}}},"fnMap":{},"branchMap":{},"s":{"0":0,"1":0},"f":{},"b":{}}
,"/mnt/c/WS-Bender/repos/private/avatar-creator/src/chars/number/four.ts": {"path":"/mnt/c/WS-Bender/repos/private/avatar-creator/src/chars/number/four.ts","statementMap":{"0":{"start":{"line":1,"column":0},"end":{"line":1,"column":40}},"1":{"start":{"line":3,"column":13},"end":{"line":11,"column":null}}},"fnMap":{},"branchMap":{},"s":{"0":0,"1":0},"f":{},"b":{}}
,"/mnt/c/WS-Bender/repos/private/avatar-creator/src/chars/number/nine.ts": {"path":"/mnt/c/WS-Bender/repos/private/avatar-creator/src/chars/number/nine.ts","statementMap":{"0":{"start":{"line":1,"column":0},"end":{"line":1,"column":40}},"1":{"start":{"line":3,"column":13},"end":{"line":11,"column":null}}},"fnMap":{},"branchMap":{},"s":{"0":0,"1":0},"f":{},"b":{}}
,"/mnt/c/WS-Bender/repos/private/avatar-creator/src/chars/number/one.ts": {"path":"/mnt/c/WS-Bender/repos/private/avatar-creator/src/chars/number/one.ts","statementMap":{"0":{"start":{"line":1,"column":0},"end":{"line":1,"column":40}},"1":{"start":{"line":3,"column":13},"end":{"line":11,"column":null}}},"fnMap":{},"branchMap":{},"s":{"0":0,"1":0},"f":{},"b":{}}
,"/mnt/c/WS-Bender/repos/private/avatar-creator/src/chars/number/seven.ts": {"path":"/mnt/c/WS-Bender/repos/private/avatar-creator/src/chars/number/seven.ts","statementMap":{"0":{"start":{"line":1,"column":0},"end":{"line":1,"column":40}},"1":{"start":{"line":3,"column":13},"end":{"line":11,"column":null}}},"fnMap":{},"branchMap":{},"s":{"0":0,"1":0},"f":{},"b":{}}
,"/mnt/c/WS-Bender/repos/private/avatar-creator/src/chars/number/six.ts": {"path":"/mnt/c/WS-Bender/repos/private/avatar-creator/src/chars/number/six.ts","statementMap":{"0":{"start":{"line":1,"column":0},"end":{"line":1,"column":40}},"1":{"start":{"line":3,"column":13},"end":{"line":11,"column":null}}},"fnMap":{},"branchMap":{},"s":{"0":0,"1":0},"f":{},"b":{}}
,"/mnt/c/WS-Bender/repos/private/avatar-creator/src/chars/number/three.ts": {"path":"/mnt/c/WS-Bender/repos/private/avatar-creator/src/chars/number/three.ts","statementMap":{"0":{"start":{"line":1,"column":0},"end":{"line":1,"column":40}},"1":{"start":{"line":3,"column":13},"end":{"line":11,"column":null}}},"fnMap":{},"branchMap":{},"s":{"0":0,"1":0},"f":{},"b":{}}
,"/mnt/c/WS-Bender/repos/private/avatar-creator/src/chars/number/two.ts": {"path":"/mnt/c/WS-Bender/repos/private/avatar-creator/src/chars/number/two.ts","statementMap":{"0":{"start":{"line":1,"column":0},"end":{"line":1,"column":40}},"1":{"start":{"line":3,"column":13},"end":{"line":11,"column":null}}},"fnMap":{},"branchMap":{},"s":{"0":0,"1":0},"f":{},"b":{}}
,"/mnt/c/WS-Bender/repos/private/avatar-creator/src/chars/number/zero.ts": {"path":"/mnt/c/WS-Bender/repos/private/avatar-creator/src/chars/number/zero.ts","statementMap":{"0":{"start":{"line":1,"column":0},"end":{"line":1,"column":40}},"1":{"start":{"line":3,"column":13},"end":{"line":11,"column":null}}},"fnMap":{},"branchMap":{},"s":{"0":0,"1":0},"f":{},"b":{}}
,"/mnt/c/WS-Bender/repos/private/avatar-creator/src/chars/upper-letter/upper-a.ts": {"path":"/mnt/c/WS-Bender/repos/private/avatar-creator/src/chars/upper-letter/upper-a.ts","statementMap":{"0":{"start":{"line":1,"column":0},"end":{"line":1,"column":40}},"1":{"start":{"line":3,"column":13},"end":{"line":11,"column":null}}},"fnMap":{},"branchMap":{},"s":{"0":0,"1":0},"f":{},"b":{}}
,"/mnt/c/WS-Bender/repos/private/avatar-creator/src/chars/upper-letter/upper-b.ts": {"path":"/mnt/c/WS-Bender/repos/private/avatar-creator/src/chars/upper-letter/upper-b.ts","statementMap":{"0":{"start":{"line":1,"column":0},"end":{"line":1,"column":40}},"1":{"start":{"line":3,"column":13},"end":{"line":11,"column":null}}},"fnMap":{},"branchMap":{},"s":{"0":0,"1":0},"f":{},"b":{}}
,"/mnt/c/WS-Bender/repos/private/avatar-creator/src/chars/upper-letter/upper-c.ts": {"path":"/mnt/c/WS-Bender/repos/private/avatar-creator/src/chars/upper-letter/upper-c.ts","statementMap":{"0":{"start":{"line":1,"column":0},"end":{"line":1,"column":40}},"1":{"start":{"line":3,"column":13},"end":{"line":11,"column":null}}},"fnMap":{},"branchMap":{},"s":{"0":0,"1":0},"f":{},"b":{}}
,"/mnt/c/WS-Bender/repos/private/avatar-creator/src/chars/upper-letter/upper-d.ts": {"path":"/mnt/c/WS-Bender/repos/private/avatar-creator/src/chars/upper-letter/upper-d.ts","statementMap":{"0":{"start":{"line":1,"column":0},"end":{"line":1,"column":40}},"1":{"start":{"line":3,"column":13},"end":{"line":11,"column":null}}},"fnMap":{},"branchMap":{},"s":{"0":0,"1":0},"f":{},"b":{}}
,"/mnt/c/WS-Bender/repos/private/avatar-creator/src/chars/upper-letter/upper-e.ts": {"path":"/mnt/c/WS-Bender/repos/private/avatar-creator/src/chars/upper-letter/upper-e.ts","statementMap":{"0":{"start":{"line":1,"column":0},"end":{"line":1,"column":40}},"1":{"start":{"line":3,"column":13},"end":{"line":11,"column":null}}},"fnMap":{},"branchMap":{},"s":{"0":0,"1":0},"f":{},"b":{}}
,"/mnt/c/WS-Bender/repos/private/avatar-creator/src/chars/upper-letter/upper-f.ts": {"path":"/mnt/c/WS-Bender/repos/private/avatar-creator/src/chars/upper-letter/upper-f.ts","statementMap":{"0":{"start":{"line":1,"column":0},"end":{"line":1,"column":40}},"1":{"start":{"line":3,"column":13},"end":{"line":11,"column":null}}},"fnMap":{},"branchMap":{},"s":{"0":0,"1":0},"f":{},"b":{}}
,"/mnt/c/WS-Bender/repos/private/avatar-creator/src/chars/upper-letter/upper-g.ts": {"path":"/mnt/c/WS-Bender/repos/private/avatar-creator/src/chars/upper-letter/upper-g.ts","statementMap":{"0":{"start":{"line":1,"column":0},"end":{"line":1,"column":40}},"1":{"start":{"line":3,"column":13},"end":{"line":11,"column":null}}},"fnMap":{},"branchMap":{},"s":{"0":0,"1":0},"f":{},"b":{}}
,"/mnt/c/WS-Bender/repos/private/avatar-creator/src/chars/upper-letter/upper-h.ts": {"path":"/mnt/c/WS-Bender/repos/private/avatar-creator/src/chars/upper-letter/upper-h.ts","statementMap":{"0":{"start":{"line":1,"column":0},"end":{"line":1,"column":40}},"1":{"start":{"line":3,"column":13},"end":{"line":11,"column":null}}},"fnMap":{},"branchMap":{},"s":{"0":0,"1":0},"f":{},"b":{}}
,"/mnt/c/WS-Bender/repos/private/avatar-creator/src/chars/upper-letter/upper-i.ts": {"path":"/mnt/c/WS-Bender/repos/private/avatar-creator/src/chars/upper-letter/upper-i.ts","statementMap":{"0":{"start":{"line":1,"column":0},"end":{"line":1,"column":40}},"1":{"start":{"line":3,"column":13},"end":{"line":11,"column":null}}},"fnMap":{},"branchMap":{},"s":{"0":0,"1":0},"f":{},"b":{}}
,"/mnt/c/WS-Bender/repos/private/avatar-creator/src/chars/upper-letter/upper-j.ts": {"path":"/mnt/c/WS-Bender/repos/private/avatar-creator/src/chars/upper-letter/upper-j.ts","statementMap":{"0":{"start":{"line":1,"column":0},"end":{"line":1,"column":40}},"1":{"start":{"line":3,"column":13},"end":{"line":11,"column":null}}},"fnMap":{},"branchMap":{},"s":{"0":0,"1":0},"f":{},"b":{}}
,"/mnt/c/WS-Bender/repos/private/avatar-creator/src/chars/upper-letter/upper-k.ts": {"path":"/mnt/c/WS-Bender/repos/private/avatar-creator/src/chars/upper-letter/upper-k.ts","statementMap":{"0":{"start":{"line":1,"column":0},"end":{"line":1,"column":40}},"1":{"start":{"line":3,"column":13},"end":{"line":11,"column":null}}},"fnMap":{},"branchMap":{},"s":{"0":0,"1":0},"f":{},"b":{}}
,"/mnt/c/WS-Bender/repos/private/avatar-creator/src/chars/upper-letter/upper-l.ts": {"path":"/mnt/c/WS-Bender/repos/private/avatar-creator/src/chars/upper-letter/upper-l.ts","statementMap":{"0":{"start":{"line":1,"column":0},"end":{"line":1,"column":40}},"1":{"start":{"line":3,"column":13},"end":{"line":11,"column":null}}},"fnMap":{},"branchMap":{},"s":{"0":0,"1":0},"f":{},"b":{}}
,"/mnt/c/WS-Bender/repos/private/avatar-creator/src/chars/upper-letter/upper-m.ts": {"path":"/mnt/c/WS-Bender/repos/private/avatar-creator/src/chars/upper-letter/upper-m.ts","statementMap":{"0":{"start":{"line":1,"column":0},"end":{"line":1,"column":40}},"1":{"start":{"line":3,"column":13},"end":{"line":11,"column":null}}},"fnMap":{},"branchMap":{},"s":{"0":0,"1":0},"f":{},"b":{}}
,"/mnt/c/WS-Bender/repos/private/avatar-creator/src/chars/upper-letter/upper-n.ts": {"path":"/mnt/c/WS-Bender/repos/private/avatar-creator/src/chars/upper-letter/upper-n.ts","statementMap":{"0":{"start":{"line":1,"column":0},"end":{"line":1,"column":40}},"1":{"start":{"line":3,"column":13},"end":{"line":11,"column":null}}},"fnMap":{},"branchMap":{},"s":{"0":0,"1":0},"f":{},"b":{}}
,"/mnt/c/WS-Bender/repos/private/avatar-creator/src/chars/upper-letter/upper-o.ts": {"path":"/mnt/c/WS-Bender/repos/private/avatar-creator/src/chars/upper-letter/upper-o.ts","statementMap":{"0":{"start":{"line":1,"column":0},"end":{"line":1,"column":40}},"1":{"start":{"line":3,"column":13},"end":{"line":11,"column":null}}},"fnMap":{},"branchMap":{},"s":{"0":0,"1":0},"f":{},"b":{}}
,"/mnt/c/WS-Bender/repos/private/avatar-creator/src/chars/upper-letter/upper-p.ts": {"path":"/mnt/c/WS-Bender/repos/private/avatar-creator/src/chars/upper-letter/upper-p.ts","statementMap":{"0":{"start":{"line":1,"column":0},"end":{"line":1,"column":40}},"1":{"start":{"line":3,"column":13},"end":{"line":11,"column":null}}},"fnMap":{},"branchMap":{},"s":{"0":0,"1":0},"f":{},"b":{}}
,"/mnt/c/WS-Bender/repos/private/avatar-creator/src/chars/upper-letter/upper-q.ts": {"path":"/mnt/c/WS-Bender/repos/private/avatar-creator/src/chars/upper-letter/upper-q.ts","statementMap":{"0":{"start":{"line":1,"column":0},"end":{"line":1,"column":40}},"1":{"start":{"line":3,"column":13},"end":{"line":11,"column":null}}},"fnMap":{},"branchMap":{},"s":{"0":0,"1":0},"f":{},"b":{}}
,"/mnt/c/WS-Bender/repos/private/avatar-creator/src/chars/upper-letter/upper-r.ts": {"path":"/mnt/c/WS-Bender/repos/private/avatar-creator/src/chars/upper-letter/upper-r.ts","statementMap":{"0":{"start":{"line":1,"column":0},"end":{"line":1,"column":40}},"1":{"start":{"line":3,"column":13},"end":{"line":11,"column":null}}},"fnMap":{},"branchMap":{},"s":{"0":0,"1":0},"f":{},"b":{}}
,"/mnt/c/WS-Bender/repos/private/avatar-creator/src/chars/upper-letter/upper-s.ts": {"path":"/mnt/c/WS-Bender/repos/private/avatar-creator/src/chars/upper-letter/upper-s.ts","statementMap":{"0":{"start":{"line":1,"column":0},"end":{"line":1,"column":40}},"1":{"start":{"line":3,"column":13},"end":{"line":11,"column":null}}},"fnMap":{},"branchMap":{},"s":{"0":0,"1":0},"f":{},"b":{}}
,"/mnt/c/WS-Bender/repos/private/avatar-creator/src/chars/upper-letter/upper-t.ts": {"path":"/mnt/c/WS-Bender/repos/private/avatar-creator/src/chars/upper-letter/upper-t.ts","statementMap":{"0":{"start":{"line":1,"column":0},"end":{"line":1,"column":40}},"1":{"start":{"line":3,"column":13},"end":{"line":11,"column":null}}},"fnMap":{},"branchMap":{},"s":{"0":0,"1":0},"f":{},"b":{}}
,"/mnt/c/WS-Bender/repos/private/avatar-creator/src/chars/upper-letter/upper-u.ts": {"path":"/mnt/c/WS-Bender/repos/private/avatar-creator/src/chars/upper-letter/upper-u.ts","statementMap":{"0":{"start":{"line":1,"column":0},"end":{"line":1,"column":40}},"1":{"start":{"line":3,"column":13},"end":{"line":11,"column":null}}},"fnMap":{},"branchMap":{},"s":{"0":0,"1":0},"f":{},"b":{}}
,"/mnt/c/WS-Bender/repos/private/avatar-creator/src/chars/upper-letter/upper-v.ts": {"path":"/mnt/c/WS-Bender/repos/private/avatar-creator/src/chars/upper-letter/upper-v.ts","statementMap":{"0":{"start":{"line":1,"column":0},"end":{"line":1,"column":40}},"1":{"start":{"line":3,"column":13},"end":{"line":11,"column":null}}},"fnMap":{},"branchMap":{},"s":{"0":0,"1":0},"f":{},"b":{}}
,"/mnt/c/WS-Bender/repos/private/avatar-creator/src/chars/upper-letter/upper-w.ts": {"path":"/mnt/c/WS-Bender/repos/private/avatar-creator/src/chars/upper-letter/upper-w.ts","statementMap":{"0":{"start":{"line":1,"column":0},"end":{"line":1,"column":40}},"1":{"start":{"line":3,"column":13},"end":{"line":11,"column":null}}},"fnMap":{},"branchMap":{},"s":{"0":0,"1":0},"f":{},"b":{}}
,"/mnt/c/WS-Bender/repos/private/avatar-creator/src/chars/upper-letter/upper-x.ts": {"path":"/mnt/c/WS-Bender/repos/private/avatar-creator/src/chars/upper-letter/upper-x.ts","statementMap":{"0":{"start":{"line":1,"column":0},"end":{"line":1,"column":40}},"1":{"start":{"line":3,"column":13},"end":{"line":11,"column":null}}},"fnMap":{},"branchMap":{},"s":{"0":0,"1":0},"f":{},"b":{}}
,"/mnt/c/WS-Bender/repos/private/avatar-creator/src/chars/upper-letter/upper-y.ts": {"path":"/mnt/c/WS-Bender/repos/private/avatar-creator/src/chars/upper-letter/upper-y.ts","statementMap":{"0":{"start":{"line":1,"column":0},"end":{"line":1,"column":40}},"1":{"start":{"line":3,"column":13},"end":{"line":11,"column":null}}},"fnMap":{},"branchMap":{},"s":{"0":0,"1":0},"f":{},"b":{}}
,"/mnt/c/WS-Bender/repos/private/avatar-creator/src/chars/upper-letter/upper-z.ts": {"path":"/mnt/c/WS-Bender/repos/private/avatar-creator/src/chars/upper-letter/upper-z.ts","statementMap":{"0":{"start":{"line":1,"column":0},"end":{"line":1,"column":40}},"1":{"start":{"line":3,"column":13},"end":{"line":11,"column":null}}},"fnMap":{},"branchMap":{},"s":{"0":0,"1":0},"f":{},"b":{}}
}
